   0.0000000000000000        1.0000000000000000        0.0000000000000000     
   1.0000000000000000E-002  0.99995000041666671       -9.9998333333333328E-003
   2.0000000000000000E-002  0.99980000666659730       -1.9998666691666528E-002
   2.9999999999999999E-002  0.99955003374904172       -2.9995500199996250E-002
   4.0000000000000001E-002  0.99920010666108350       -3.9989334183302500E-002
   5.0000000000000003E-002  0.99875026039513981       -4.9979169266515286E-002
   6.0000000000000005E-002  0.99820053993546243       -5.9964006474451284E-002
   7.0000000000000007E-002  0.99755100025363908       -6.9942847331710536E-002
   8.0000000000000002E-002  0.99680170630309672       -7.9914693962523153E-002
   8.9999999999999997E-002  0.99595273301260601       -8.9878549190536061E-002
   9.9999999999999992E-002  0.99500416527878854       -9.9833416638529821E-002
  0.10999999999999999       0.99395609795762718      -0.10977830082805549     
  0.11999999999999998       0.99280863585498058      -0.11971220727898166     
  0.12999999999999998       0.99156189371610282      -0.12963414260894163     
  0.13999999999999999       0.99021599621416878      -0.13954311463267083     
  0.14999999999999999       0.98877107793780716      -0.14943813246122448     
  0.16000000000000000       0.98722728337764143      -0.15931820660106571     
  0.17000000000000001       0.98558476691184105      -0.16918234905301410     
  0.18000000000000002       0.98384369279068384      -0.17902957341104470     
  0.19000000000000003       0.98200423512013102      -0.18885889496092784     
  0.20000000000000004       0.98006657784441664      -0.19866933077869978     
  0.21000000000000005       0.97803091472765358      -0.20845989982895424     
  0.22000000000000006       0.97589744933445721      -0.21822962306294516     
  0.23000000000000007       0.97366639500958885      -0.22797752351649070     
  0.24000000000000007       0.97133797485662177      -0.23770262640766890     
  0.25000000000000006       0.96891242171563086      -0.24740395923429501     
  0.26000000000000006       0.96638997813990879      -0.25708055187117096     
  0.27000000000000007       0.96377089637171121      -0.26673143666709703     
  0.28000000000000008       0.96105543831703233      -0.27635564854163613     
  0.29000000000000009       0.95824387551941459      -0.28595222508162116     
  0.30000000000000010       0.95533648913279490      -0.29552020663739542     
  0.31000000000000011       0.95233356989338891      -0.30505863641877673     
  0.32000000000000012       0.94923541809061818      -0.31456656059073579     
  0.33000000000000013       0.94604234353708117      -0.32404302836877880     
  0.34000000000000014       0.94275466553757226      -0.33348709211402516     
  0.35000000000000014       0.93937271285715163      -0.34289780742797055     
  0.36000000000000015       0.93589682368826899      -0.35227423324692592     
  0.37000000000000016       0.93232734561694453      -0.36161543193612322     
  0.38000000000000017       0.92866463558801082      -0.37092046938347800     
  0.39000000000000018       0.92490905986941852      -0.38018841509299989     
  0.40000000000000019       0.92106099401560970      -0.38941834227784128     
  0.41000000000000020       0.91712082282996299      -0.39860932795297543     
  0.42000000000000021       0.91308894032631338      -0.40776045302749414     
  0.43000000000000022       0.90896574968955135      -0.41687080239651603     
  0.44000000000000022       0.90475166323530454      -0.42593946503269625     
  0.45000000000000023       0.90044710236870651      -0.43496553407732857     
  0.46000000000000024       0.89605249754225680      -0.44394810693103037     
  0.47000000000000025       0.89156828821277578      -0.45288628534400183     
  0.48000000000000026       0.88699492279745951      -0.46177917550585029     
  0.49000000000000027       0.88233285862903832      -0.47062588813497047     
  0.50000000000000022       0.87758256191004391      -0.47942553856747178     
  0.51000000000000023       0.87274450766618950      -0.48817724684564417     
  0.52000000000000024       0.86781917969886779      -0.49688013780595303     
  0.53000000000000025       0.86280707053677097      -0.50553334116655479     
  0.54000000000000026       0.85770868138663836      -0.51413599161432466     
  0.55000000000000027       0.85252452208313634      -0.52268722889138675     
  0.56000000000000028       0.84725511103787499      -0.53118619788113952     
  0.57000000000000028       0.84190097518756768      -0.53963204869376658     
  0.58000000000000029       0.83646264994133745      -0.54802393675122507     
  0.59000000000000030       0.83094067912717706      -0.55636102287170253     
  0.60000000000000031       0.82533561493756613      -0.56464247335353457     
  0.61000000000000032       0.81964801787425268      -0.57286746005857447     
  0.62000000000000033       0.81387845669220327      -0.58103516049500592     
  0.63000000000000034       0.80802750834272807      -0.58914475789959175     
  0.64000000000000035       0.80209575791578613      -0.59719544131934965     
  0.65000000000000036       0.79608379858147693      -0.60518640569264670     
  0.66000000000000036       0.78999223153072395      -0.61311685192970478     
  0.67000000000000037       0.78382166591515579      -0.62098598699250895     
  0.68000000000000038       0.77757271878619183      -0.62879302397411074     
  0.69000000000000039       0.77124601503333734      -0.63653718217731792     
  0.70000000000000040       0.76484218732169540      -0.64421768719276373     
  0.71000000000000041       0.75836187602870042      -0.65183377097634720     
  0.72000000000000042       0.75180572918008148      -0.65938467192603678     
  0.73000000000000043       0.74517440238505983      -0.66686963495803009     
  0.74000000000000044       0.73846855877078876      -0.67428791158226142     
  0.75000000000000044       0.73168886891604146      -0.68163875997725032     
  0.76000000000000045       0.72483601078415349      -0.68892144506428321     
  0.77000000000000046       0.71791066965522732      -0.69613523858092030     
  0.78000000000000047       0.71091353805760460      -0.70327941915382164     
  0.79000000000000048       0.70384531569861397      -0.71035327237088342     
  0.80000000000000049       0.69670670939460111      -0.71735609085267893     
  0.81000000000000050       0.68949843300024749      -0.72428717432319578     
  0.82000000000000051       0.68222120733718561      -0.73114582967986297     
  0.83000000000000052       0.67487576012191719      -0.73793137106286033     
  0.84000000000000052       0.66746282589304262      -0.74464311992370447     
  0.85000000000000053       0.65998314593780705      -0.75128040509310234     
  0.86000000000000054       0.65243746821797299      -0.75784256284806828     
  0.87000000000000055       0.64482654729502420      -0.76432893697829529     
  0.88000000000000056       0.63715114425471042      -0.77073887885177583     
  0.89000000000000057       0.62941202663093943      -0.77707174747966412     
  0.90000000000000058       0.62160996832902415      -0.78332690958037499     
  0.91000000000000059       0.61374574954829308      -0.78950373964291098     
  0.92000000000000060       0.60582015670407052      -0.79560161998941337     
  0.93000000000000060       0.59783398234903629      -0.80161994083692911     
  0.94000000000000061       0.58978802509397055      -0.80755810035838893     
  0.95000000000000062       0.58168308952789372      -0.81341550474278912     
  0.96000000000000063       0.57351998613760813      -0.81919156825457251     
  0.97000000000000064       0.56529953122665022      -0.82488571329220128     
  0.98000000000000065       0.55702254683366059      -0.83049737044591698     
  0.99000000000000066       0.54868986065018088      -0.83602597855468075     
   1.0000000000000007       0.54030230593788542      -0.84147098476228888     
   1.0100000000000007       0.53186072144525576      -0.84683184457265825     
   1.0200000000000007       0.52336595132370634      -0.85210802190427526     
   1.0300000000000007       0.51481884504317021      -0.85729898914380354     
   1.0400000000000007       0.50622025730715270      -0.86240422719884513     
   1.0500000000000007       0.49757104796726187      -0.86742322554984896     
   1.0600000000000007       0.48887208193722387      -0.87235548230116244     
   1.0700000000000007       0.48012422910639246      -0.87720050423122076     
   1.0800000000000007       0.47132836425276076      -0.88195780684186853     
   1.0900000000000007       0.46248536695548403      -0.88662691440680907     
   1.1000000000000008       0.45359612150692280      -0.89120736001917700     
   1.1100000000000008       0.44466151682421406      -0.89569868563822808     
   1.1200000000000008       0.43568244636038050      -0.90010044213514329     
   1.1300000000000008       0.42665980801498576      -0.90441218933794110     
   1.1400000000000008       0.41759450404434539      -0.90863349607549448     
   1.1500000000000008       0.40848744097130196      -0.91276394022064744     
   1.1600000000000008       0.39933952949457341      -0.91680310873242754     
   1.1700000000000008       0.39015168439768400      -0.92075059769734968     
   1.1800000000000008       0.38092482445748677      -0.92460601236980700     
   1.1900000000000008       0.37165987235228654      -0.92836896721154516     
   1.2000000000000008       0.36235775456957298      -0.93203908593021578     
   1.2100000000000009       0.35301940131337239      -0.93561600151700552     
   1.2200000000000009       0.34364574641122836      -0.93909935628333652     
   1.2300000000000009       0.33423772722081951      -0.94248880189663498     
   1.2400000000000009       0.32479628453622483      -0.94578399941516411     
   1.2500000000000009       0.31532236249384471      -0.94898461932191813     
   1.2600000000000009       0.30581690847798837      -0.95209034155757366     
   1.2700000000000009       0.29628087302613604      -0.95510085555249524     
   1.2800000000000009       0.28671520973388609      -0.95801586025779217     
   1.2900000000000009       0.27712087515959621      -0.96083506417542308     
   1.3000000000000009       0.26749882872872838      -0.96355818538734572     
   1.3100000000000009       0.25785003263790723      -0.96618495158370810     
   1.3200000000000010       0.24817545175870104      -0.96871510009007966     
   1.3300000000000010       0.23847605354113544      -0.97114837789371822     
   1.3400000000000010       0.22875280791694921      -0.97348454166887111     
   1.3500000000000010       0.21900668720260194      -0.97572335780110775     
   1.3600000000000010       0.20923866600204316      -0.97786460241068063     
   1.3700000000000010       0.19944972110925277      -0.97990806137491315     
   1.3800000000000010       0.18964083141056245      -0.98185353034961176     
   1.3900000000000010       0.17981297778676789      -0.98370081478950033     
   1.4000000000000010       0.16996714301504143      -0.98544972996767422     
   1.4100000000000010       0.16010431167065525      -0.98710010099407308     
   1.4200000000000010       0.15022547002852463      -0.98865176283296974     
   1.4300000000000010       0.14033160596458125      -0.99010456031947325     
   1.4400000000000011       0.13042370885698651      -0.99145834817504563     
   1.4500000000000011       0.12050276948719445      -0.99271299102202959     
   1.4600000000000011       0.11056977994087445      -0.99386836339718598     
   1.4700000000000011       0.10062573350870352      -0.99492434976424005     
   1.4800000000000011        9.0671624587038036E-002 -0.99588084452543513     
   1.4900000000000011        8.0708448578474923E-002 -0.99673775203209214     
   1.5000000000000011        7.0737201792312271E-002 -0.99749498659417457     
   1.5100000000000011        6.0758881344919177E-002 -0.99815247248885730     
   1.5200000000000011        5.0774485060024972E-002 -0.99871014396809865     
   1.5300000000000011        4.0785011368937682E-002 -0.99916794526521557     
   1.5400000000000011        3.0791459210701713E-002 -0.99952583060045974     
   1.5500000000000012        2.0794827932204787E-002 -0.99978376418559600     
   1.5600000000000012        1.0796117188244095E-002 -0.99994172022748073     
   1.5700000000000012        7.9632684156162939E-004 -0.99999968293064134     
   1.5800000000000012       -9.2035431371412374E-003 -0.99995764649885577     
   1.5900000000000012       -1.9202492769199997E-002 -0.99981561513573225     
   1.6000000000000012       -2.9199522167984042E-002 -0.99957360304428877     
   1.6100000000000012       -3.9193631638884494E-002 -0.99923163442553276     
   1.6200000000000012       -4.9183821779282821E-002 -0.99878974347604110     
   1.6300000000000012       -5.9169093578490282E-002 -0.99824797438454049     
   1.6400000000000012       -6.9148448517648148E-002 -0.99760638132748858     
   1.6500000000000012       -7.9120888669578782E-002 -0.99686502846365643     
   1.6600000000000013       -8.9085416798577496E-002 -0.99602398992771268     
   1.6700000000000013       -9.9041036460135290E-002 -0.99508334982280999     
   1.6800000000000013      -0.10898675210058251      -0.99404320221217501     
   1.6900000000000013      -0.11892156915664334      -0.99290365110970191     
   1.7000000000000013      -0.12884449415489133      -0.99166481046955135     
   1.7100000000000013      -0.13875453481109590      -0.99032680417475494     
   1.7200000000000013      -0.14865070012944992      -0.98888976602482725     
   1.7300000000000013      -0.15853200050166852      -0.98735383972238555     
   1.7400000000000013      -0.16839744780594901      -0.98571917885878024     
   1.7500000000000013      -0.17824605550578232      -0.98398594689873542     
   1.7600000000000013      -0.18807683874860576      -0.98215431716400270     
   1.7700000000000014      -0.19788881446428752      -0.98022447281602920     
   1.7800000000000014      -0.20768100146343280      -0.97819660683764142     
   1.7900000000000014      -0.21745242053550198      -0.97607092201374734     
   1.8000000000000014      -0.22720209454673085      -0.97384763091105797     
   1.8100000000000014      -0.23692904853784313      -0.97152695585683069     
   1.8200000000000014      -0.24663230982154569      -0.96910912891663703     
   1.8300000000000014      -0.25631090807979628      -0.96659439187115614     
   1.8400000000000014      -0.26596387546083478      -0.96398299619199701     
   1.8500000000000014      -0.27559024667596727      -0.96127520301655123     
   1.8600000000000014      -0.28518905909609443      -0.95847128312187979     
   1.8700000000000014      -0.29475935284797333      -0.95557151689763564     
   1.8800000000000014      -0.30430017091020423      -0.95257619431802465     
   1.8900000000000015      -0.31381055920893164      -0.94948561491280858     
   1.9000000000000015      -0.32328956671325121      -0.94630008773735252     
   1.9100000000000015      -0.33273624553031178      -0.94301993134171935     
   1.9200000000000015      -0.34214965100010403      -0.93964547373881502     
   1.9300000000000015      -0.35152884178992555      -0.93617705237158777     
   1.9400000000000015      -0.36087287998851353      -0.93261501407928404     
   1.9500000000000015      -0.37018083119983497      -0.92895971506276453     
   1.9600000000000015      -0.37945176463652547      -0.92521152084888481     
   1.9700000000000015      -0.38868475321296725      -0.92137080625394263     
   1.9800000000000015      -0.39787887363799695      -0.91743795534619699     
   1.9900000000000015      -0.40703320650723401      -0.91341336140746110     
   2.0000000000000013      -0.41614683639502020      -0.90929742689377502     
   2.0100000000000011      -0.42521885194596154      -0.90509056339516014     
   2.0200000000000009      -0.43424834596606315      -0.90079319159446047     
   2.0300000000000007      -0.44323441551344767      -0.89640574122527494     
   2.0400000000000005      -0.45217616198864885      -0.89192865102898422     
   2.0500000000000003      -0.46107269122447081      -0.88736236871087693     
   2.0600000000000001      -0.46992311357540384      -0.88270735089537955     
   2.0699999999999998      -0.47872654400658837      -0.87796406308039443     
   2.0799999999999996      -0.48748210218231752      -0.87313297959075020     
   2.0899999999999994      -0.49618891255407016      -0.86821458353076997     
   2.0999999999999992      -0.50484610444806499      -0.86320936673596094     
   2.1099999999999990      -0.51345281215232697      -0.85811782972383144     
   2.1199999999999988      -0.52200817500325802      -0.85294048164383973     
   2.1299999999999986      -0.53051133747170276      -0.84767784022647930     
   2.1399999999999983      -0.53896144924850031      -0.84233043173150624     
   2.1499999999999981      -0.54735766532951491      -0.83689879089531383     
   2.1599999999999979      -0.55569914610013549      -0.83138346087745929     
   2.1699999999999977      -0.56398505741923621      -0.82578499320634824     
   2.1799999999999975      -0.57221457070259030      -0.82010394772408224     
   2.1899999999999973      -0.58038686300572739      -0.81434089253047526     
   2.1999999999999971      -0.58850111710622766      -0.80849640392624400     
   2.2099999999999969      -0.59655652158544292      -0.80257106635537845     
   2.2199999999999966      -0.60455227090963826      -0.79656547234669783     
   2.2299999999999964      -0.61248756551054451      -0.79048022245459826     
   2.2399999999999962      -0.62036161186531436      -0.78431592519899773     
   2.2499999999999960      -0.62817362257587417      -0.77807319700448496     
   2.2599999999999958      -0.63592281644766302      -0.77175266213867688     
   2.2699999999999956      -0.64360841856775153      -0.76535495264979303     
   2.2799999999999954      -0.65122966038233243      -0.75888070830345067     
   2.2899999999999952      -0.65878577977357544      -0.75233057651868918     
   2.2999999999999949      -0.66627602113583828      -0.74570521230322850     
   2.3099999999999947      -0.67369963545122669      -0.73900527818796902     
   2.3199999999999945      -0.68105588036449560      -0.73223144416073882     
   2.3299999999999943      -0.68834402025728403      -0.72538438759929569     
   2.3399999999999941      -0.69556332632167617      -0.71846479320358980     
   2.3499999999999939      -0.70271307663308180      -0.71147335292729430     
   2.3599999999999937      -0.70979255622242809      -0.70441076590861040     
   2.3699999999999934      -0.71680105714765563      -0.69727773840035456     
   2.3799999999999932      -0.72373787856451255      -0.69007498369933329     
   2.3899999999999930      -0.73060232679663784      -0.68280322207501420     
   2.3999999999999928      -0.73739371540492882      -0.67546318069749989     
   2.4099999999999926      -0.74411136525618415      -0.66805559356481126     
   2.4199999999999924      -0.75075460459101695      -0.66058120142948851     
   2.4299999999999922      -0.75732276909102980      -0.65304075172451648     
   2.4399999999999920      -0.76381520194524632      -0.64543499848858177     
   2.4499999999999917      -0.77023125391579150      -0.63776470229066984     
   2.4599999999999915      -0.77657028340281509      -0.63003063015400829     
   2.4699999999999913      -0.78283165650865094      -0.62223355547936576     
   2.4799999999999911      -0.78901474710120645      -0.61437425796771206     
   2.4899999999999909      -0.79511893687657498      -0.60645352354224868     
   2.4999999999999907      -0.80114361542086598      -0.59847214426981765     
   2.5099999999999905      -0.80708818027124563      -0.59043091828169481     
   2.5199999999999902      -0.81295203697618268      -0.58233064969377790     
   2.5299999999999900      -0.81873459915489333      -0.57417214852617537     
   2.5399999999999898      -0.82443528855597870      -0.56595623062220501     
   2.5499999999999896      -0.83005353511524926      -0.55768371756681068     
   2.5599999999999894      -0.83558877701273093      -0.54935543660440389     
   2.5699999999999892      -0.84104046072884686      -0.54097222055614058     
   2.5799999999999890      -0.84640804109976864      -0.53253490773663947     
   2.5899999999999888      -0.85169098137193211      -0.52404434187015136     
   2.5999999999999885      -0.85688875325571268      -0.51550137200618729     
   2.6099999999999883      -0.86200083697825336      -0.50690685243461431     
   2.6199999999999881      -0.86702672133544223      -0.49826164260022737     
   2.6299999999999879      -0.87196590374303173      -0.48956660701680549     
   2.6399999999999877      -0.87681789028689727      -0.48082261518066105     
   2.6499999999999875      -0.88158219577242780      -0.47203054148369084     
   2.6599999999999873      -0.88625834377304513      -0.46319126512593772     
   2.6699999999999871      -0.89084586667784593      -0.45430567002767130     
   2.6799999999999868      -0.89534430573836288      -0.44537464474099658     
   2.6899999999999866      -0.89975321111443862      -0.43639908236099961     
   2.6999999999999864      -0.90407214191920970      -0.42737988043643865     
   2.7099999999999862      -0.90830066626319483      -0.41831794087999002     
   2.7199999999999860      -0.91243836129748335      -0.40921416987805759     
   2.7299999999999858      -0.91648481325602005      -0.40006947780015495     
   2.7399999999999856      -0.92043961749698122      -0.39088477910786923     
   2.7499999999999853      -0.92430237854323838      -0.38166099226341560     
   2.7599999999999851      -0.92807271012190595      -0.37239903963779186     
   2.7699999999999849      -0.93175023520296818      -0.36309984741854218     
   2.7799999999999847      -0.93533458603698150      -0.35376434551713903     
   2.7899999999999845      -0.93882540419184957      -0.34439346747599286     
   2.7999999999999843      -0.94222234058866594      -0.33498815037509855     
   2.8099999999999841      -0.94552505553662169      -0.32554933473832831     
   2.8199999999999839      -0.94873321876697447      -0.31607796443937997     
   2.8299999999999836      -0.95184650946607474      -0.30657498660739052     
   2.8399999999999834      -0.95486461630744690      -0.29704135153222389     
   2.8499999999999832      -0.95778723748292205      -0.28747801256944278     
   2.8599999999999830      -0.96061408073281829      -0.27788592604497386     
   2.8699999999999828      -0.96334486337516623      -0.26826605115947605     
   2.8799999999999826      -0.96597931233397738      -0.25861934989242119     
   2.8899999999999824      -0.96851716416655131      -0.24894678690589692     
   2.8999999999999821      -0.97095816508981958      -0.23924932944814131     
   2.9099999999999819      -0.97330207100572419      -0.22952794725681877     
   2.9199999999999817      -0.97554864752562676      -0.21978361246204717     
   2.9299999999999815      -0.97769766999374752      -0.21001729948918557     
   2.9399999999999813      -0.97974892350963050      -0.20022998496139252     
   2.9499999999999811      -0.98170220294963351      -0.19042264760196456     
   2.9599999999999809      -0.98355731298744031      -0.18059626813646473     
   2.9699999999999807      -0.98531406811359312      -0.17075182919465079     
   2.9799999999999804      -0.98697229265404329      -0.16089031521221309     
   2.9899999999999802      -0.98853182078771862      -0.15101271233233179     
   2.9999999999999800      -0.98999249656310540      -0.14112000830706342     
   3.0099999999999798      -0.99135417391384340      -0.13121319239856644     
   3.0199999999999796      -0.99261671667333218      -0.12129325528017589     
   3.0299999999999794      -0.99377999858834798      -0.11136118893733686     
   3.0399999999999792      -0.99484390333166872      -0.10141798656840678     
   3.0499999999999790      -0.99580832451370671       -9.1464642485336395E-002
   3.0599999999999787      -0.99667316569314746       -8.1502152014239410E-002
   3.0699999999999785      -0.99743834038659362       -7.1531511395860739E-002
   3.0799999999999783      -0.99810377207721368       -6.1553717685953205E-002
   3.0899999999999781      -0.99866939422239298       -5.1569768655572834E-002
   3.0999999999999779      -0.99913515026038835       -4.1580662691302568E-002
   3.1099999999999777      -0.99950099361598421       -3.1587398695414437E-002
   3.1199999999999775      -0.99976688770514988       -2.1590975985980178E-002
   3.1299999999999772      -0.99993280593869793       -1.1592394196940237E-002
   3.1399999999999770      -0.99999873172494336       -1.5926531781412321E-003
   3.1499999999999768      -0.99996465847136251        8.4072471046482151E-003
   3.1599999999999766      -0.99983058958525228        1.8406306669733218E-002
   3.1699999999999764      -0.99959653847338958        2.8403525619489951E-002
   3.1799999999999762      -0.99926252854069053        3.8397904240354594E-002
   3.1899999999999760      -0.99882859318787010        4.8388443102793853E-002
   3.1999999999999758      -0.99829477580810189        5.8374143161247068E-002
   3.2099999999999755      -0.99766112978267907        6.8354005854029953E-002
   3.2199999999999753      -0.99692771847567607        7.8327033203189914E-002
   3.2299999999999751      -0.99609461522761245        8.8292227914303037E-002
   3.2399999999999749      -0.99516190334811883        9.8248593476202670E-002
   3.2499999999999747      -0.99412967610760572       0.10819513426062974     
   3.2599999999999745      -0.99299803672793707       0.11813085562179472     
   3.2699999999999743      -0.99176709837210786       0.12805476399584140     
   3.2799999999999740      -0.99043698413292780       0.13796586700020244     
   3.2899999999999738      -0.98900782702071233       0.14786317353283679     
   3.2999999999999736      -0.98747976994998177       0.15774569387133908     
   3.3099999999999734      -0.98585296572516978       0.16761243977191104     
   3.3199999999999732      -0.98412757702534315       0.17746242456818503     
   3.3299999999999730      -0.98230377638793398       0.18729466326988989     
   3.3399999999999728      -0.98038174619148610       0.19710817266134911     
   3.3499999999999726      -0.97836167863741752       0.20690197139980160     
   3.3599999999999723      -0.97624377573080023       0.21667508011353517     
   3.3699999999999721      -0.97402824926015996       0.22642652149982284     
   3.3799999999999719      -0.97171532077629741       0.23615532042265230     
   3.3899999999999717      -0.96930522157013355       0.24586050401023873     
   3.3999999999999715      -0.96679819264958045       0.25554110175231115     
   3.4099999999999713      -0.96419448471544111       0.26519614559716270     
   3.4199999999999711      -0.96149435813633899       0.27482467004845484     
   3.4299999999999708      -0.95869808292268199       0.28442571226176638     
   3.4399999999999706      -0.95580593869966113       0.29399831214087702     
   3.4499999999999704      -0.95281821467928851       0.30354151243377608     
   3.4599999999999702      -0.94973520963147640       0.31305435882838711     
   3.4699999999999700      -0.94655723185416041       0.32253590004799815     
   3.4799999999999698      -0.94328459914246987       0.33198518794638865     
   3.4899999999999696      -0.93991763875694878       0.34140127760264333     
   3.4999999999999694      -0.93645668739082977       0.35078322741564344     
   3.5099999999999691      -0.93290209113636535       0.36013009919822608     
   3.5199999999999689      -0.92925420545021864       0.36944095827100215     
   3.5299999999999687      -0.92551339511791841       0.37871487355582362     
   3.5399999999999685      -0.92168003421738043       0.38795091766889034     
   3.5499999999999683      -0.91775450608150033       0.39714816701348787     
   3.5599999999999681      -0.91373720325982022       0.40630570187234627     
   3.5699999999999679      -0.90962852747927458       0.41542260649961105     
   3.5799999999999677      -0.90542888960401746       0.42449796921241700     
   3.5899999999999674      -0.90113870959433662       0.43353088248205579     
   3.5999999999999672      -0.89675841646465793       0.44252044302472798     
   3.6099999999999670      -0.89228844824064391       0.45146575189187077     
   3.6199999999999668      -0.88772925191539198       0.46036591456005199     
   3.6299999999999666      -0.88308128340473535       0.46922004102042170     
   3.6399999999999664      -0.87834500750165156       0.47802724586771250     
   3.6499999999999662      -0.87352089782978404       0.48678664838877905     
   3.6599999999999659      -0.86860943679607983       0.49549737265066890     
   3.6699999999999657      -0.86361111554254932       0.50415854758821499     
   3.6799999999999655      -0.85852643389715266       0.51276930709114121     
   3.6899999999999653      -0.85335590032381692       0.52132879009067312     
   3.6999999999999651      -0.84810003187159066       0.52983614064564366     
   3.7099999999999649      -0.84275935412293912       0.53829050802808698     
   3.7199999999999647      -0.83733440114118651       0.54669104680831038     
   3.7299999999999645      -0.83182571541711015       0.55503691693943624     
   3.7399999999999642      -0.82623384781469178       0.56332728384140651     
   3.7499999999999640      -0.82055935751603171       0.57156131848443981     
   3.7599999999999638      -0.81480281196543103       0.57973819747193356     
   3.7699999999999636      -0.80896478681264750       0.58785710312280315     
   3.7799999999999634      -0.80304586585533133       0.59591722355324950     
   3.7899999999999632      -0.79704664098064582       0.60391775275794635     
   3.7999999999999630      -0.79096771210607886       0.61185789069064045     
   3.8099999999999627      -0.78480968711945209       0.61973684334415546     
   3.8199999999999625      -0.77857318181813251       0.62755382282979189     
   3.8299999999999623      -0.77225881984745293       0.63530804745611547     
   3.8399999999999621      -0.76586723263834844       0.64299874180712557     
   3.8499999999999619      -0.75939905934421359       0.65062513681979606     
   3.8599999999999617      -0.75285494677698750       0.65818646986098117     
   3.8699999999999615      -0.74623554934247338       0.66568198480367791     
   3.8799999999999613      -0.73954152897489844       0.67311093210263839     
   3.8899999999999610      -0.73277355507072095       0.68047256886932361     
   3.8999999999999608      -0.72593230442169132       0.68776615894619175     
   3.9099999999999606      -0.71901846114717327       0.69499097298031320     
   3.9199999999999604      -0.71203271662573264       0.70214628849630534     
   3.9299999999999602      -0.70497576942600004       0.70923138996857937     
   3.9399999999999600      -0.69784832523681450       0.71624556889289248     
   3.9499999999999598      -0.69065109679665537       0.72318812385719744     
   3.9599999999999596      -0.68338480382236888       0.73005836061178342     
   3.9699999999999593      -0.67605017293719705       0.73685559213870022     
   3.9799999999999591      -0.66864793759811614       0.74357913872045955     
   3.9899999999999589      -0.66117883802249144       0.75022832800800643     
   3.9999999999999587      -0.65364362111405616       0.75680249508795305     
   4.0099999999999589      -0.64604304038822158       0.76330098254907008     
   4.0199999999999587      -0.63837785589672646       0.76972314054802682     
   4.0299999999999585      -0.63064883415163220       0.77606832687437532     
   4.0399999999999583      -0.62285674804867230       0.78233590701477074     
   4.0499999999999581      -0.61500237678996361       0.78852525421642206     
   4.0599999999999579      -0.60708650580608658       0.79463574954976690     
   4.0699999999999577      -0.59910992667754293       0.80066678197036423     
   4.0799999999999574      -0.59107343705559823       0.80661774837999789     
   4.0899999999999572      -0.58297784058251745       0.81248805368698607     
   4.0999999999999570      -0.57482394681120152       0.81827711086569010     
   4.1099999999999568      -0.56661257112423247       0.82398434101521645     
   4.1199999999999566      -0.55834453465233613       0.82960917341730633     
   4.1299999999999564      -0.55002066419226958       0.83515104559340692     
   4.1399999999999562      -0.54164179212414210       0.84060940336091883     
   4.1499999999999559      -0.53320875632817799       0.84598370088861408     
   4.1599999999999557      -0.52472240010092919       0.85127340075121860     
   4.1699999999999555      -0.51618357207094645       0.85647797398315428     
   4.1799999999999553      -0.50759312611391683       0.86159690013143508     
   4.1899999999999551      -0.49895192126727728       0.86662966730771207     
   4.1999999999999549      -0.49026082164431128       0.87157577223946159     
   4.2099999999999547      -0.48152069634773853       0.87643472032031233     
   4.2199999999999545      -0.47273241938280502       0.88120602565950545     
   4.2299999999999542      -0.46389686956988363       0.88588921113048313     
   4.2399999999999540      -0.45501493045659253       0.89048380841860098     
   4.2499999999999538      -0.44608749022944133       0.89498935806795910     
   4.2599999999999536      -0.43711544162501309       0.89940540952734727     
   4.2699999999999534      -0.42809968184069142       0.90373152119529965     
   4.2799999999999532      -0.41904111244494147       0.90796726046425458     
   4.2899999999999530      -0.40994063928715385       0.91211220376381508     
   4.2999999999999527      -0.40079917240706059       0.91616593660310530     
   4.3099999999999525      -0.39161762594373162       0.92012805361221950     
   4.3199999999999523      -0.38239691804416187       0.92399815858275858     
   4.3299999999999521      -0.37313797077145722       0.92777586450745064     
   4.3399999999999519      -0.36384171001262905       0.93146079361885137     
   4.3499999999999517      -0.35450906538600624       0.93505257742712033     
   4.3599999999999515      -0.34514097014827411       0.93855085675687000     
   4.3699999999999513      -0.33573836110114952       0.94195528178308274     
   4.3799999999999510      -0.32630217849770160       0.94526551206609288     
   4.3899999999999508      -0.31683336594832706       0.94848121658563078     
   4.3999999999999506      -0.30733287032639001       0.95160207377392425     
   4.4099999999999504      -0.29780164167353546       0.95462777154785528     
   4.4199999999999502      -0.28824063310468584       0.95755800734016783     
   4.4299999999999500      -0.27865080071273041       0.96039248812972466     
   4.4399999999999498      -0.26903310347291670       0.96313093047080889     
   4.4499999999999496      -0.25938850314695383       0.96577306052146850     
   4.4599999999999493      -0.24971796418683709       0.96831861407090025     
   4.4699999999999491      -0.24002245363840358       0.97076733656587044     
   4.4799999999999489      -0.23030294104462840       0.97311898313617029     
   4.4899999999999487      -0.22056039834867122       0.97537331861910248     
   4.4999999999999485      -0.21079579979668270       0.97753011758299735     
   4.5099999999999483      -0.20101012184038075       0.97958916434975596     
   4.5199999999999481      -0.19120434303940612       0.98155025301641741     
   4.5299999999999478      -0.18137944396346728       0.98341318747574946     
   4.5399999999999476      -0.17153640709428430       0.98517778143585855     
   4.5499999999999474      -0.16167621672734142       0.98684385843881917     
   4.5599999999999472      -0.15179985887345837       0.98841125187831946     
   4.5699999999999470      -0.14190832116019009       0.98987980501632167     
   4.5799999999999468      -0.13200259273306483       0.99124937099873578     
   4.5899999999999466      -0.12208366415667041       0.99251981287010493     
   4.5999999999999464      -0.11215252731559852       0.99369100358730067     
   4.6099999999999461      -0.10221017531525722       0.99476282603222732     
   4.6199999999999459       -9.2257602382561102E-002  0.99573517302353354     
   4.6299999999999457       -8.2295803766509482E-002  0.99660794732733060     
   4.6399999999999455       -7.2325775638662326E-002  0.99738106166691531     
   4.6499999999999453       -6.2348514993523924E-002  0.99805443873149813     
   4.6599999999999451       -5.2365019548844267E-002  0.99862801118393363     
   4.6699999999999449       -4.2376287645848110E-002  0.99910172166745459     
   4.6799999999999446       -3.2383318149401666E-002  0.99947552281140750     
   4.6899999999999444       -2.2387110348126973E-002  0.99974937723598944     
   4.6999999999999442       -1.2388663854473844E-002  0.99992325755598610     
   4.7099999999999440       -2.3889785047594616E-003  0.99999714638351045     
   4.7199999999999438        7.6109457408144090E-003  0.99997103632974127     
   4.7299999999999436        1.7610108898156618E-002  0.99984493000566221     
   4.7399999999999434        2.7607511059284211E-002  0.99961884002180057     
   4.7499999999999432        3.7602152492312378E-002  0.99929278898696638     
   4.7599999999999429        4.7593033741426830E-002  0.99886680950599127     
   4.7699999999999427        5.7579155726828521E-002  0.99834094417646846     
   4.7799999999999425        6.7559519844640814E-002  0.99771524558449265     
   4.7899999999999423        7.7533128066769041E-002  0.99698977629940166     
   4.7999999999999421        8.7498983040702472E-002  0.99616460886751945     
   4.8099999999999419        9.7456088189248724E-002  0.99523982580490145     
   4.8199999999999417       0.10740344781019068       0.99421551958908339     
   4.8299999999999415       0.11734006717585584       0.99309179264983316     
   4.8399999999999412       0.12726495263258830       0.99186875735890823     
   4.8499999999999410       0.13717711170011326       0.99054653601881848     
   4.8599999999999408       0.14707555317078425       0.98912526085059604     
   4.8699999999999406       0.15695928720870300       0.98760507398057340     
   4.8799999999999404       0.16682732544870235       0.98598612742617064     
   4.8899999999999402       0.17667868109518178       0.98426858308069409     
   4.8999999999999400       0.18651236902078625       0.98245261269714701     
   4.9099999999999397       0.19632740586491804       0.98053839787105435     
   4.9199999999999395       0.20612281013207212       0.97852613002230360     
   4.9299999999999393       0.21589760228998472       0.97641601037600267     
   4.9399999999999391       0.22565080486758585       0.97420824994235777     
   4.9499999999999389       0.23538144255274557       0.97190306949557237     
   4.9599999999999387       0.24508854228980434       0.96950069955177021     
   4.9699999999999385       0.25477113337687785       0.96700138034594363     
   4.9799999999999383       0.26442824756292638       0.96440536180793035     
   4.9899999999999380       0.27405891914457903       0.96171290353742089     
   4.9999999999999378       0.28366218506270330       0.95892427477799846     
   5.0099999999999376       0.29323708499871026       0.95603975439021516     
   5.0199999999999374       0.30278266147058552       0.95305963082370593     
   5.0299999999999372       0.31229795992863668       0.94998420208834400     
   5.0399999999999370       0.32178202885094748       0.94681377572443992     
   5.0499999999999368       0.33123391983852923       0.94354866877198806     
   5.0599999999999365       0.34065268771015988       0.94018920773896275     
   5.0699999999999363       0.35003739059690131       0.93673572856866771     
   5.0799999999999361       0.35938709003628561       0.93318857660614196     
   5.0899999999999359       0.36870085106616041       0.92954810656362574     
   5.0999999999999357       0.37797774231818426       0.92581468248508947     
   5.1099999999999355       0.38721683611096291       0.92198867770982984     
   5.1199999999999353       0.39641720854281637       0.91807047483513604     
   5.1299999999999351       0.40557793958416860       0.91406046567803023     
   5.1399999999999348       0.41469811316954958       0.90995905123608645     
   5.1499999999999346       0.42377681728920097       0.90576664164733089     
   5.1599999999999344       0.43281314408027655       0.90148365614922887     
   5.1699999999999342       0.44180618991762760       0.89711052303676087     
   5.1799999999999340       0.45075505550416473       0.89264767961959379     
   5.1899999999999338       0.45965884596078677       0.88809557217835033     
   5.1999999999999336       0.46851667091586807       0.88345465591998107     
   5.2099999999999334       0.47732764459429472       0.87872539493224433     
   5.2199999999999331       0.48609088590604149       0.87390826213729778     
   5.2299999999999329       0.49480551853428001       0.86900373924440655     
   5.2399999999999327       0.50347067102300980       0.86401231670177281     
   5.2499999999999325       0.51208547686420303       0.85893449364749130     
   5.2599999999999323       0.52064907458445475       0.85377077785963573     
   5.2699999999999321       0.52916060783112939       0.84852168570548181     
   5.2799999999999319       0.53761922545799534       0.84318774208987057     
   5.2899999999999316       0.54602408161033877       0.83776948040271859     
   5.2999999999999314       0.55437433580954876       0.83226744246567930     
   5.3099999999999312       0.56266915303716392       0.82668217847796122     
   5.3199999999999310       0.57090770381837408       0.82101424696130876     
   5.3299999999999308       0.57908916430496660       0.81526421470415023     
   5.3399999999999306       0.58721271635771088       0.80943265670491948     
   5.3499999999999304       0.59527754762817142       0.80352015611455685     
   5.3599999999999302       0.60328285163994189       0.79752730417819406     
   5.3699999999999299       0.61122782786929231       0.79145470017603070     
   5.3799999999999297       0.61911168182522069       0.78530295136340644     
   5.3899999999999295       0.62693362512890149       0.77907267291007598     
   5.3999999999999293       0.63469287559252263       0.77276448783869256     
   5.4099999999999291       0.64238865729750394       0.76637902696250648     
   5.4199999999999289       0.65002020067208821       0.75991692882228412     
   5.4299999999999287       0.65758674256829774       0.75337883962245433     
   5.4399999999999284       0.66508752633824841       0.74676541316648848     
   5.4499999999999282       0.67252180190981403       0.74007731079152095     
   5.4599999999999280       0.67988882586163268       0.73331520130221572     
   5.4699999999999278       0.68718786149744859       0.72647976090388655     
   5.4799999999999276       0.69441817891978075       0.71957167313487702     
   5.4899999999999274       0.70157905510291230       0.71259162879820714     
   5.4999999999999272       0.70866977396519237       0.70554032589249382     
   5.5099999999999270       0.71568962644064382       0.69841846954215137     
   5.5199999999999267       0.72263791054986903       0.69122677192687987     
   5.5299999999999265       0.72951393147024746       0.68396595221044776     
   5.5399999999999263       0.73631700160541724       0.67663673646877587     
   5.5499999999999261       0.74304644065403402       0.66923985761733051     
   5.5599999999999259       0.74970157567780105       0.66177605533783268     
   5.5699999999999257       0.75628174116876190       0.65424607600429041     
   5.5799999999999255       0.76278627911585106       0.64665067260836195     
   5.5899999999999253       0.76921453907069437       0.63899060468405733     
   5.5999999999999250       0.77556587821265333       0.63126663823178542     
   5.6099999999999248       0.78183966141310668       0.62347954564175478     
   5.6199999999999246       0.78803526129896251       0.61563010561673503     
   5.6299999999999244       0.79415205831539537       0.60771910309418731     
   5.6399999999999242       0.80018944078780097       0.59974732916777129     
   5.6499999999999240       0.80614680498296332       0.59171558100823640     
   5.6599999999999238       0.81202355516942748       0.58362466178370531     
   5.6699999999999235       0.81781910367707222       0.57547538057935799     
   5.6799999999999233       0.82353287095587646       0.56726855231652362     
   5.6899999999999231       0.82916428563387390       0.55900499767118939     
   5.6999999999999229       0.83471278457428966       0.55068554299193340     
   5.7099999999999227       0.84017781293185345       0.54231102021729061     
   5.7199999999999225       0.84555882420828377       0.53388226679255957     
   5.7299999999999223       0.85085528030693736       0.52540012558605875     
   5.7399999999999221       0.85606665158661799       0.51686544480484020     
   5.7499999999999218       0.86119241691454074       0.50827907790986959     
   5.7599999999999216       0.86623206371844419       0.49964188353068112     
   5.7699999999999214       0.87118508803784789       0.49095472537951490     
   5.7799999999999212       0.87605099457444735       0.48221847216494657     
   5.7899999999999210       0.88082929674164401       0.47343399750501730     
   5.7999999999999208       0.88551951671320306       0.46460217983987256     
   5.8099999999999206       0.89012118547103591       0.45572390234391891     
   5.8199999999999203       0.89463384285210168       0.44680005283750723     
   5.8299999999999201       0.89905703759442279       0.43783152369815148     
   5.8399999999999199       0.90339032738221103       0.42881921177129173     
   5.8499999999999197       0.90763327889009882       0.41976401828061027     
   5.8599999999999195       0.91178546782647119       0.41066684873791010     
   5.8699999999999193       0.91584647897589477       0.40152861285256430     
   5.8799999999999191       0.91981590624063880       0.39235022444054612     
   5.8899999999999189       0.92369335268128483       0.38313260133304800     
   5.8999999999999186       0.92747843055641987       0.37387666528469921     
   5.9099999999999184       0.93117076136141086       0.36458334188139113     
   5.9199999999999182       0.93476997586625421       0.35525356044771955     
   5.9299999999999180       0.93827571415249889       0.34588825395405293     
   5.9399999999999178       0.94168762564923769       0.33648835892323603     
   5.9499999999999176       0.94500536916816424       0.32705481533693859     
   5.9599999999999174       0.94822861293769156       0.31758856654165779     
   5.9699999999999172       0.95135703463612875       0.30809055915438455     
   5.9799999999999169       0.95439032142391300       0.29856174296794236     
   5.9899999999999167       0.95732816997489334       0.28900307085600913     
   5.9999999999999165       0.96017028650666292       0.27941549867783033     
   6.0099999999999163       0.96291638680993707       0.26979998518263404     
   6.0199999999999161       0.96556619627697393       0.26015749191375664     
   6.0299999999999159       0.96811944992903487       0.25048898311248957     
   6.0399999999999157       0.97057589244288256       0.24079542562165565     
   6.0499999999999154       0.97293527817631265       0.23107778878892590     
   6.0599999999999152       0.97519737119271799       0.22133704436988544     
   6.0699999999999150       0.97736194528468201       0.21157416643085875     
   6.0799999999999148       0.97942878399659938       0.20179013125150383     
   6.0899999999999146       0.98139768064632138       0.19198591722718514     
   6.0999999999999144       0.98326843834582378       0.18216250477113480     
   6.1099999999999142       0.98504087002089558       0.17232087621641209     
   6.1199999999999140       0.98671479842984633       0.16246201571767102     
   6.1299999999999137       0.98829005618123011       0.15258690915274559     
   6.1399999999999135       0.98976648575058446       0.14269654402406290     
   6.1499999999999133       0.99114393949618296       0.13279190935989371     
   6.1599999999999131       0.99242227967379881       0.12287399561545043     
   6.1699999999999129       0.99360137845047969       0.11294379457384245     
   6.1799999999999127       0.99468111791733038       0.10300229924689862     
   6.1899999999999125       0.99566139010130406        9.3050503775866919E-002
   6.1999999999999122       0.99654209697599927        8.3089403332001141E-002
   6.2099999999999120       0.99732315047146247        7.3119994017044623E-002
   6.2199999999999118       0.99800447248299495        6.3143272763620889E-002
   6.2299999999999116       0.99858599487896338        5.3160237235541204E-002
   6.2399999999999114       0.99906765950761278        4.3171885728039039E-002
   6.2499999999999112       0.99944941820288169        3.3179217067941379E-002
   6.2599999999999110       0.99973123278921872        2.3183230513786873E-002
   6.2699999999999108       0.99991307508540006        1.3184925655900808E-002
   6.2799999999999105       0.99999492690734759        3.1853023164369141E-003
   6.2899999999999103       0.99997678006994739       -6.8146395506040233E-003
   6.2999999999999101       0.99985863638786809       -1.6813899959368720E-002
   6.3099999999999099       0.99964050767537949       -2.6811478992149161E-002
   6.3199999999999097       0.99932241574517089       -3.6806376899373515E-002
   6.3299999999999095       0.99890439240617035       -4.6797594199580288E-002
   6.3399999999999093       0.99838647946036341       -5.6784131779365608E-002
   6.3499999999999091       0.99776872869861311       -6.6764990993293749E-002
   6.3599999999999088       0.99705120189548069       -7.6739173763760840E-002
   6.3699999999999086       0.99623397080304865       -8.6705682680801796E-002
   6.3799999999999084       0.99531711714374504       -9.6663521101830477E-002
   6.3899999999999082       0.99430073260217189      -0.10661169325130311     
   6.3999999999999080       0.99318491881593629      -0.11654920432029503     
   6.4099999999999078       0.99196978736548702      -0.12647506056598073     
   6.4199999999999076       0.99065545976295644      -0.13638826941100735     
   6.4299999999999073       0.98924206744000953      -0.14628783954275151     
   6.4399999999999071       0.98772975173470079      -0.15617278101244983     
   6.4499999999999069       0.98611866387734048      -0.16604210533419292     
   6.4599999999999067       0.98440896497537167      -0.17589482558377317     
   6.4699999999999065       0.98260082599725984      -0.18572995649737639     
   6.4799999999999063       0.98069442775539595      -0.19554651457010727     
   6.4899999999999061       0.97868996088801552      -0.20534351815433916     
   6.4999999999999059       0.97658762584013492      -0.21511998755787792     
   6.5099999999999056       0.97438763284350693      -0.22487494514193040     
   6.5199999999999054       0.97209020189559781      -0.23460741541886745     
   6.5299999999999052       0.96969556273758784      -0.24431642514977192     
   6.5399999999999050       0.96720395483139721      -0.25400100344176169     
   6.5499999999999048       0.96461562733574024      -0.26366018184507817     
   6.5599999999999046       0.96193083908120947      -0.27329299444993049     
   6.5699999999999044       0.95914985854439305      -0.28289847798308565     
   6.5799999999999041       0.95627296382102711      -0.29247567190419504     
   6.5899999999999039       0.95330044259818647      -0.30202361850184767     
   6.5999999999999037       0.95023259212551636      -0.31154136298934054     
   6.6099999999999035       0.94706971918550742      -0.32102795360015646     
   6.6199999999999033       0.94381214006281788      -0.33048244168313995     
   6.6299999999999031       0.94046018051264535      -0.33990388179736164     
   6.6399999999999029       0.93701417572815149      -0.34929133180666144     
   6.6499999999999027       0.93347447030694297      -0.35864385297386137     
   6.6599999999999024       0.92984141821661215      -0.36796051005463865     
   6.6699999999999022       0.92611538275934058      -0.37724037139104921     
   6.6799999999999020       0.92229673653556876      -0.38648250900469278     
   6.6899999999999018       0.91838586140673684      -0.39568599868950988     
   6.6999999999999016       0.91438314845709867      -0.40484992010420168     
   6.7099999999999014       0.91028899795461349      -0.41397335686426351     
   6.7199999999999012       0.90610381931091966      -0.42305539663362235     
   6.7299999999999010       0.90182803104039388      -0.43209513121586973     
   6.7399999999999007       0.89746206071830004      -0.44109165664508065     
   6.7499999999999005       0.89300634493803199      -0.45004407327620949     
   6.7599999999999003       0.88846132926745447      -0.45895148587505352     
   6.7699999999999001       0.88382746820434710      -0.46781300370777590     
   6.7799999999998999       0.87910522513095457      -0.47662774062997804     
   6.7899999999998997       0.87429507226764891      -0.48539481517531347     
   6.7999999999998995       0.86939749062570781      -0.49411335064363365     
   6.8099999999998992       0.86441296995921424      -0.50278247518865737     
   6.8199999999998990       0.85934200871608102      -0.51140132190515442     
   6.8299999999998988       0.85418511398820651      -0.51996902891563579     
   6.8399999999998986       0.84894280146076606      -0.52848473945654018     
   6.8499999999998984       0.84361559536064368      -0.53694760196391011     
   6.8599999999998982       0.83820402840400998      -0.54535677015854733     
   6.8699999999998980       0.83270864174305104      -0.55371140313064005     
   6.8799999999998978       0.82712998491185330      -0.56201066542385347     
   6.8899999999998975       0.82146861577145092      -0.57025372711887445     
   6.8999999999998973       0.81572510045404001      -0.57843976391640273     
   6.9099999999998971       0.80990001330636607      -0.58656795721958044     
   6.9199999999998969       0.80399393683228948      -0.59463749421585088     
   6.9299999999998967       0.79800746163453584      -0.60264756795823915     
   6.9399999999998965       0.79194118635563615      -0.61059737744604614     
   6.9499999999998963       0.78579571761806299      -0.61848612770494804     
   6.9599999999998960       0.77957166996356875      -0.62631302986649307     
   6.9699999999998958       0.77326966579173217      -0.63407730124698758     
   6.9799999999998956       0.76689033529771866      -0.64177816542576382     
   6.9899999999998954       0.76043431640926140      -0.64941485232282137     
   6.9999999999998952       0.75390225472286909      -0.65698659827583461     
   7.0099999999998950       0.74729480343926691      -0.66449264611651815     
   7.0199999999998948       0.74061262329807698      -0.67193224524634299     
   7.0299999999998946       0.73385638251174479      -0.67930465171159604     
   7.0399999999998943       0.72702675669871863      -0.68660912827777443     
   7.0499999999998941       0.72012442881588845      -0.69384494450330869     
   7.0599999999998939       0.71315008909029054      -0.70101137681260628     
   7.0699999999998937       0.70610443495008535      -0.70810770856840843     
   7.0799999999998935       0.69898817095481536      -0.71513323014345320     
   7.0899999999998933       0.69180200872494990      -0.72208723899143790     
   7.0999999999998931       0.68454666687072330      -0.72896903971727267     
   7.1099999999998929       0.67722287092027478      -0.73577794414662001     
   7.1199999999998926       0.66983135324709608      -0.74251327139471113     
   7.1299999999998924       0.66237285299679494      -0.74917434793443405     
   7.1399999999998922       0.65484811601318071      -0.75576050766368574     
   7.1499999999998920       0.64725789476368123      -0.76227109197198195     
   7.1599999999998918       0.63960294826409603      -0.76870544980631728     
   7.1699999999998916       0.63188404200269588      -0.77506293773627044     
   7.1799999999998914       0.62410194786367434      -0.78134292001834649     
   7.1899999999998911       0.61625744404996019      -0.78754476865955059     
   7.1999999999998909       0.60835131500539752      -0.79366786348018681     
   7.2099999999998907       0.60038435133630230      -0.79971159217587584     
   7.2199999999998905       0.59235734973240228      -0.80567535037878468     
   7.2299999999998903       0.58427111288716849      -0.81155854171806285     
   7.2399999999998901       0.57612644941754676      -0.81736057787947924     
   7.2499999999998899       0.56792417378309679      -0.82308087866425272     
   7.2599999999998897       0.55966510620454657      -0.82871887204707184     
   7.2699999999998894       0.55135007258177138      -0.83427399423329673     
   7.2799999999998892       0.54297990441120425      -0.83974568971533814     
   7.2899999999998890       0.53455543870268685      -0.84513341132820774     
   7.2999999999998888       0.52607751789576962      -0.85043662030423395     
   7.3099999999998886       0.51754698977546820      -0.85565478632693870     
   7.3199999999998884       0.50896470738748567      -0.86078738758406825     
   7.3299999999998882       0.50033152895290889      -0.86583391081977412     
   7.3399999999998879       0.49164831778238677      -0.87079385138593823     
   7.3499999999998877       0.48291594218980027      -0.87566671329263723     
   7.3599999999998875       0.47413527540543160      -0.88045200925774136     
   7.3699999999998873       0.46530719548864180      -0.88514926075564193     
   7.3799999999998871       0.45643258524006575      -0.88975799806510347     
   7.3899999999998869       0.44751233211333263      -0.89427776031623585     
   7.3999999999998867       0.43854732812632147      -0.89870809553658038     
   7.4099999999998865       0.42953846977195997      -0.90304856069630712     
   7.4199999999998862       0.42048665792857609      -0.90729872175251713     
   7.4299999999998860       0.41139279776981091      -0.91145815369264671     
   7.4399999999998858       0.40225779867410189      -0.91552644057696808     
   7.4499999999998856       0.39308257413374603      -0.91950317558018313     
   7.4599999999998854       0.38386804166355121      -0.92338796103210552     
   7.4699999999998852       0.37461512270908548      -0.92718040845742744     
   7.4799999999998850       0.36532474255453345      -0.93088013861456675     
   7.4899999999998847       0.35599783023016845      -0.93448678153359099     
   7.4999999999998845       0.34663531841945039      -0.93799997655321377     
   7.5099999999998843       0.33723814336575808      -0.94141937235686091     
   7.5199999999998841       0.32780724477876583      -0.94474462700780149     
   7.5299999999998839       0.31834356574047307      -0.94797540798334157     
   7.5399999999998837       0.30884805261089709      -0.95111139220807595     
   7.5499999999998835       0.29932165493343788      -0.95415226608619552     
   7.5599999999998833       0.28976532533992427      -0.95709772553284655     
   7.5699999999998830       0.28018001945535198      -0.95994747600453900     
   7.5799999999998828       0.27056669580232151      -0.96270123252860051     
   7.5899999999998826       0.26092631570518693      -0.96535871973167353     
   7.5999999999998824       0.25125984319392419      -0.96791967186725236     
   7.6099999999998822       0.24156824490772888      -0.97038383284225760     
   7.6199999999998820       0.23185248999835317      -0.97275095624264518     
   7.6299999999998818       0.22211355003319139      -0.97502080535804780     
   7.6399999999998816       0.21235239889812413      -0.97719315320544553     
   7.6499999999998813       0.20257001270013048      -0.97926778255186386     
   7.6599999999998811       0.19276736966967808      -0.98124448593609703     
   7.6699999999998809       0.18294545006290103      -0.98312306568945396     
   7.6799999999998807       0.17310523606357489      -0.98490333395552476     
   7.6899999999998805       0.16324771168489929      -0.98658511270896643     
   7.6999999999998803       0.15337386267109737      -0.98816823377330520     
   7.7099999999998801       0.14348467639884216      -0.98965253883775384     
   7.7199999999998798       0.13358114177851976      -0.99103787947304289     
   7.7299999999998796       0.12366424915533913      -0.99232411714626323     
   7.7399999999998794       0.11373499021029837      -0.99351112323471946     
   7.7499999999998792       0.10379435786101744      -0.99459877903879201     
   7.7599999999998790        9.3843346162447300E-002 -0.99558697579380673     
   7.7699999999998788        8.3882950207465140E-002 -0.99647561468091173     
   7.7799999999998786        7.3914166027365988E-002 -0.99726460683695883     
   7.7899999999998784        6.3937990492260399E-002 -0.99795387336338992     
   7.7999999999998781        5.3955421211388278E-002 -0.99854334533412670     
   7.8099999999998779        4.3967456433358754E-002 -0.99903296380246343     
   7.8199999999998777        3.3975094946326195E-002 -0.99942267980696120     
   7.8299999999998775        2.3979335978112193E-002 -0.99971245437634437     
   7.8399999999998773        1.3981179096283630E-002 -0.99990225853339754     
   7.8499999999998771        3.9816241081967550E-003 -0.99999207329786310     
   7.8599999999998769       -6.0183290389827261E-003 -0.99998188968833956     
   7.8699999999998766       -1.6017680358273528E-002 -0.99987170872317932     
   7.8799999999998764       -2.6015429922876653E-002 -0.99966154142038699     
   7.8899999999998762       -3.6010577966167238E-002 -0.99935140879651785     
   7.8999999999998760       -4.6002124981670382E-002 -0.99894134186457573     
   7.9099999999998758       -5.5989071823010966E-002 -0.99843138163091216     
   7.9199999999998756       -6.5970419803827451E-002 -0.99782157909112557     
   7.9299999999998754       -7.5945170797639683E-002 -0.99711199522496174     
   7.9399999999998752       -8.5912327337660702E-002 -0.99630270099021589     
   7.9499999999998749       -9.5870892716542616E-002 -0.99539377731563716     
   7.9599999999998747      -0.10581987108604649      -0.99438531509283545     
   7.9699999999998745      -0.11575826755662630      -0.99327741516719270     
   7.9799999999998743      -0.12568508829691716      -0.99207018832777827     
   7.9899999999998741      -0.13559934063311749      -0.99076375529627003     
   7.9999999999998739      -0.14550003314825571      -0.98935824671488237     
   8.0099999999998737      -0.15538617578133102      -0.98785380313330218     
   8.0199999999998735      -0.16525677992631868      -0.98625057499463387     
   8.0299999999998732      -0.17511085853102987      -0.98454872262035531     
   8.0399999999998730      -0.18494742619581594      -0.98274841619428577     
   8.0499999999998728      -0.19476549927210773      -0.98084983574556739     
   8.0599999999998726      -0.20456409596077946      -0.97885317113066306     
   8.0699999999998724      -0.21434223641032790      -0.97675862201437025     
   8.0799999999998722      -0.22409894281485668      -0.97456639784985510     
   8.0899999999998720      -0.23383323951185608      -0.97227671785770720     
   8.0999999999998717      -0.24354415307976843      -0.96988981100401761     
   8.1099999999998715      -0.25323071243532952      -0.96740591597748271     
   8.1199999999998713      -0.26289194893067602      -0.96482528116553512     
   8.1299999999998711      -0.27252689645020961      -0.96214816462950548     
   8.1399999999998709      -0.28213459150720760      -0.95937483407881641     
   8.1499999999998707      -0.29171407334017080      -0.95650556684421184     
   8.1599999999998705      -0.30126438400889899      -0.95354064985002418     
   8.1699999999998703      -0.31078456849028396      -0.95048037958548193     
   8.1799999999998700      -0.32027367477381125      -0.94732506207506140     
   8.1899999999998698      -0.32973075395676021      -0.94407501284788409     
   8.1999999999998696      -0.33915486033909353      -0.94073055690616436     
   8.2099999999998694      -0.34854505151802662      -0.93729202869270922     
   8.2199999999998692      -0.35790038848226680      -0.93375977205747462     
   8.2299999999998690      -0.36721993570591394      -0.93013414022318042     
   8.2399999999998688      -0.37650276124201204      -0.92641549574998860     
   8.2499999999998685      -0.38574793681574338      -0.92260421049924768     
   8.2599999999998683      -0.39495453791725493      -0.91870066559630648     
   8.2699999999998681      -0.40412164389410893      -0.91470525139240233     
   8.2799999999998679      -0.41324833804334704      -0.91061836742562607     
   8.2899999999998677      -0.42233370770316003      -0.90644042238096867     
   8.2999999999998675      -0.43137684434415319      -0.90217183404945278     
   8.3099999999998673      -0.44037684366019852      -0.89781302928635442     
   8.3199999999998671      -0.44933280565886452      -0.89336444396851744     
   8.3299999999998668      -0.45824383475141478      -0.88882652295076647     
   8.3399999999998666      -0.46710903984236596      -0.88419972002142166     
   8.3499999999998664      -0.47592753441859681      -0.87948449785692018     
   8.3599999999998662      -0.48469843663799855      -0.87468132797554898     
   8.3699999999998660      -0.49342086941765850      -0.86979069069029358     
   8.3799999999998658      -0.50209396052156752      -0.86481307506080685     
   8.3899999999998656      -0.51071684264784278      -0.85974897884450363     
   8.3999999999998654      -0.51928865351545761      -0.85459890844678554     
   8.4099999999998651      -0.52780853595046850      -0.84936337887040048     
   8.4199999999998649      -0.53627563797173206      -0.84404291366394302     
   8.4299999999998647      -0.54468911287610211      -0.83863804486950000     
   8.4399999999998645      -0.55304811932309961      -0.83314931296944683     
   8.4499999999998643      -0.56135182141904583      -0.82757726683239952     
   8.4599999999998641      -0.56959938880065097      -0.82192246365832822     
   8.4699999999998639      -0.57778999671804998      -0.81618546892283794     
   8.4799999999998636      -0.58592282611727675      -0.81036685632062133     
   8.4899999999998634      -0.59399706372216887      -0.80446720770808977     
   8.4999999999998632      -0.60201190211569444      -0.79848711304518794     
   8.5099999999998630      -0.60996653982069327      -0.79242717033639876     
   8.5199999999998628      -0.61786018138002385      -0.78628798557094293     
   8.5299999999998626      -0.62569203743610846      -0.78007017266218104     
   8.5399999999998624      -0.63346132480986805      -0.77377435338622236     
   8.5499999999998622      -0.64116726657903977      -0.76740115731974778     
   8.5599999999998619      -0.64880909215586846      -0.76095122177705299     
   8.5699999999998617      -0.65638603736416468      -0.75442519174631717     
   8.5799999999998615      -0.66389734451572191      -0.74782371982510498     
   8.5899999999998613      -0.67134226248608442      -0.74114746615510718     
   8.5999999999998611      -0.67872004678965947      -0.73439709835612710     
   8.6099999999998609      -0.68602995965416491      -0.72757329145931926     
   8.6199999999998607      -0.69327127009440592      -0.72067672783968684     
   8.6299999999998604      -0.70044325398537310      -0.71370809714784444     
   8.6399999999998602      -0.70754519413465411      -0.70666809624105398     
   8.6499999999998600      -0.71457638035415239      -0.69955742911353946     
   8.6599999999998598      -0.72153610953110536      -0.69237680682608793     
   8.6699999999998596      -0.72842368569839522      -0.68512694743494418     
   8.6799999999998594      -0.73523842010414509      -0.67780857592000565     
   8.6899999999998592      -0.74197963128059330      -0.67042242411232511     
   8.6999999999998590      -0.74864664511223999      -0.66296923062092816     
   8.7099999999998587      -0.75523879490325796      -0.65544974075895279     
   8.7199999999998585      -0.76175542144416175      -0.64786470646911876     
   8.7299999999998583      -0.76819587307772774      -0.64021488624853418     
   8.7399999999998581      -0.77455950576415977      -0.63250104507284621     
   8.7499999999998579      -0.78084568314549230      -0.62472395431974403     
   8.7599999999998577      -0.78705377660922582      -0.61688439169182196     
   8.7699999999998575      -0.79318316535118738      -0.60898314113880969     
   8.7799999999998573      -0.79923323643761068      -0.60102099277917809     
   8.7899999999998570      -0.80520338486642895      -0.59299874282112786     
   8.7999999999998568      -0.81109301362777453      -0.58491719348296944     
   8.8099999999998566      -0.81690153376367936      -0.57677715291290199     
   8.8199999999998564      -0.82262836442697029      -0.56857943510819897     
   8.8299999999998562      -0.82827293293935356      -0.56032485983380931     
   8.8399999999998560      -0.83383467484868179      -0.55201425254038161     
   8.8499999999998558      -0.83931303398539892      -0.54364844428171955     
   8.8599999999998555      -0.84470746251815654      -0.53522827163167730     
   8.8699999999998553      -0.85001742100859690      -0.52675457660050307     
   8.8799999999998551      -0.85524237846529594      -0.51822820655063828     
   8.8899999999998549      -0.86038181239686229      -0.50965001411198263     
   8.8999999999998547      -0.86543520886418568      -0.50102085709663136     
   8.9099999999998545      -0.87040206253183061      -0.49234159841309483     
   8.9199999999998543      -0.87528187671856938      -0.48361310598000862     
   8.9299999999998541      -0.88007416344705003      -0.47483625263934215     
   8.9399999999998538      -0.88477844349259327      -0.46601191606911535     
   8.9499999999998536      -0.88939424643111475      -0.45714097869563153     
   8.9599999999998534      -0.89392111068616731      -0.44822432760523540     
   8.9699999999998532      -0.89835858357509790      -0.43926285445560537     
   8.9799999999998530      -0.90270622135431555      -0.43025745538658838     
   8.9899999999998528      -0.90696358926366538      -0.42120903093058670     
   8.9999999999998526      -0.91113026156990440      -0.41211848592250550     
   9.0099999999998523      -0.91520582160927422      -0.40298672940926994     
   9.0199999999998521      -0.91918986182916729      -0.39381467455892150     
   9.0299999999998519      -0.92308198382888174      -0.38460323856930162     
   9.0399999999998517      -0.92688179839946105      -0.37535334257633302     
   9.0499999999998515      -0.93058892556261474      -0.36606591156190654     
   9.0599999999998513      -0.93420299460871581      -0.35674187426138404     
   9.0699999999998511      -0.93772364413387144      -0.34738216307072534     
   9.0799999999998509      -0.94115052207606298      -0.33798771395324967     
   9.0899999999998506      -0.94448328575035201      -0.32855946634603994     
   9.0999999999998504      -0.94772160188314858      -0.31909836306599987     
   9.1099999999998502      -0.95086514664553790      -0.30960535021557306     
   9.1199999999998500      -0.95391360568566341      -0.30008137708813359     
   9.1299999999998498      -0.95686667416016158      -0.29052739607305739     
   9.1399999999998496      -0.95972405676464589      -0.28094436256048422     
   9.1499999999998494      -0.96248546776323707      -0.27133323484577937     
   9.1599999999998492      -0.96515063101713650      -0.26169497403370484     
   9.1699999999998489      -0.96771928001223972      -0.25203054394230989     
   9.1799999999998487      -0.97019115788578791      -0.24234091100654978     
   9.1899999999998485      -0.97256601745205362      -0.23262704418164326     
   9.1999999999998483      -0.97484362122705925      -0.22288991484617782     
   9.2099999999998481      -0.97702374145232540      -0.21313049670497258     
   9.2199999999998479      -0.97910616011764628      -0.20334976569170871     
   9.2299999999998477      -0.98109066898289077      -0.19354869987133674     
   9.2399999999998474      -0.98297706959882614      -0.18372827934227107     
   9.2499999999998472      -0.98476517332696278      -0.17388948613838073     
   9.2599999999998470      -0.98645480135841801      -0.16403330413078704     
   9.2699999999998468      -0.98804578473179672      -0.15416071892947708     
   9.2799999999998466      -0.98953796435008745      -0.14427271778474374     
   9.2899999999998464      -0.99093119099657190      -0.13437028948846130     
   9.2999999999998462      -0.99222532534974639      -0.12445442427520728     
   9.3099999999998460      -0.99342023799725410      -0.11452611372323962     
   9.3199999999998457      -0.99451580944882612      -0.10458635065533980     
   9.3299999999998455      -0.99551193014823025       -9.4636129039531336E-002
   9.3399999999998453      -0.99640850048422658       -8.4676443889683803E-002
   9.3499999999998451      -0.99720543080052881       -7.4708291166012325E-002
   9.3599999999998449      -0.99790264140476936       -6.4732667675482330E-002
   9.3699999999998447      -0.99850006257646873       -5.4750570972129708E-002
   9.3799999999998445      -0.99899763457400770       -4.4762999257306250E-002
   9.3899999999998442      -0.99939530764060125       -3.4770951279860324E-002
   9.3999999999998440      -0.99969304200927400       -2.4775426236262822E-002
   9.4099999999998438      -0.99989080790683726       -1.4777423670688366E-002
   9.4199999999998436      -0.99998858555686598       -4.7779433750617020E-003
   9.4299999999998434      -0.99998636518167672        5.2220147109206423E-003
   9.4399999999998432      -0.99988414700330519        1.5221450599783505E-002
   9.4499999999998430      -0.99968194124348397        2.5219364356271007E-002
   9.4599999999998428      -0.99937976812262064        3.5214756197339228E-002
   9.4699999999998425      -0.99897765785777537        4.5206626592133696E-002
   9.4799999999998423      -0.99847565065963961        5.5193976361941628E-002
   9.4899999999998421      -0.99787379672851484        6.5175806780108980E-002
   9.4999999999998419      -0.99717215624929256        7.5151119671912250E-002
   9.5099999999998417      -0.99637079938543593        8.5118917514375170E-002
   9.5199999999998415      -0.99546980627196369        9.5078203536020131E-002
   9.5299999999998413      -0.99446926700743621       0.10502798181654451     
   9.5399999999998411      -0.99336928164494620       0.11496725738641186     
   9.5499999999998408      -0.99216996018211323       0.12489503632634809     
   9.5599999999998406      -0.99087142255008420       0.13481032586673247     
   9.5699999999998404      -0.98947379860154006       0.14471213448687387     
   9.5799999999998402      -0.98797722809771105       0.15459947201416188     
   9.5899999999998400      -0.98638186069440037       0.16447134972308339     
   9.5999999999998398      -0.98468785592701891       0.17432678043409419     
   9.6099999999998396      -0.98289538319463166       0.18416477861233618     
   9.6199999999998393      -0.98100462174301806       0.19398436046619000     
   9.6299999999998391      -0.97901576064674767       0.20378454404565338     
   9.6399999999998389      -0.97692899879027273       0.21356434934053536     
   9.6499999999998387      -0.97474454484803985       0.22332279837845642     
   9.6599999999998385      -0.97246261726362282       0.23305891532264492     
   9.6699999999998383      -0.97008344422787851       0.24277172656952001     
   9.6799999999998381      -0.96760726365612781       0.25246026084605117     
   9.6899999999998379      -0.96503432316436433       0.26212354930688464     
   9.6999999999998376      -0.96236488004449317       0.27176062563122722     
   9.7099999999998374      -0.95959920123860165       0.28137052611947749     
   9.7199999999998372      -0.95673756331226567       0.29095228978959503     
   9.7299999999998370      -0.95378025242689302       0.30050495847319780     
   9.7399999999998368      -0.95072756431110783       0.31002757691137806     
   9.7499999999998366      -0.94757980423117782       0.31951919285022767     
   9.7599999999998364      -0.94433728696048769       0.32897885713606256     
   9.7699999999998361      -0.94100033674806238       0.33840562381033734     
   9.7799999999998359      -0.93756928728614242       0.34779855020424033     
   9.7899999999998357      -0.93404448167681464       0.35715669703295971     
   9.7999999999998355      -0.93042627239770259       0.36647912848961123     
   9.8099999999998353      -0.92671502126671901       0.37576491233881804     
   9.8199999999998351      -0.92291109940588412       0.38501312000993343     
   9.8299999999998349      -0.91901488720421409       0.39422282668989733     
   9.8399999999998347      -0.91502677427968226       0.40339311141571660     
   9.8499999999998344      -0.91094715944025750       0.41252305716656074     
   9.8599999999998342      -0.90677645064402401       0.42161175095546299     
   9.8699999999998340      -0.90251506495838585       0.43065828392061856     
   9.8799999999998338      -0.89816342851836040       0.43966175141626984     
   9.8899999999998336      -0.89372197648396512       0.44862125310317025     
   9.8999999999998334      -0.88919115299670226       0.45753589303861752     
   9.9099999999998332      -0.88457141113514470       0.46640477976604705     
   9.9199999999998330      -0.87986321286962887       0.47522702640417702     
   9.9299999999998327      -0.87506702901605771       0.48400175073569557     
   9.9399999999998325      -0.87018333918881963       0.49272807529548190     
   9.9499999999998323      -0.86521263175282759       0.50140512745835220     
   9.9599999999998321      -0.86015540377468291       0.51003203952632103     
   9.9699999999998319      -0.85501216097296895       0.51860794881537098     
   9.9799999999998317      -0.84978341766767984       0.52713199774171970     
   9.9899999999998315      -0.84446969672878869       0.53560333390757808     
   9.9999999999998312      -0.83907152952396113       0.54402111018638921     
   10.009999999999831      -0.83358945586541922       0.55238448480754010     
   10.019999999999831      -0.82802402395596031       0.56069262144053811     
   10.029999999999831      -0.82237579033413732       0.56894468927864361     
   10.039999999999830      -0.81664531981860566       0.57713986312194965     
   10.049999999999830      -0.81083318545164129       0.58527732345990124     
   10.059999999999830      -0.80493996844183746       0.59335625655324598     
   10.069999999999830      -0.79896625810598398       0.60137585451540709     
   10.079999999999830      -0.79291265181013626       0.60933531539327146     
   10.089999999999829      -0.78677975490987917       0.61723384324738428     
   10.099999999999829      -0.78056818068979195       0.62507064823154235     
   10.109999999999829      -0.77427855030212012       0.63284494667177804     
   10.119999999999829      -0.76791149270466108       0.64055596114472602     
   10.129999999999828      -0.76146764459786853       0.64820292055536488     
   10.139999999999828      -0.75494765036118328       0.65578506021412630     
   10.149999999999828      -0.74835216198859555       0.66330162191336284     
   10.159999999999828      -0.74168183902344620       0.67075185400316850     
   10.169999999999828      -0.73493734849247305       0.67813501146654287     
   10.179999999999827      -0.72811936483910877       0.68545035599389248     
   10.189999999999827      -0.72122856985603701       0.69269715605686066     
   10.199999999999827      -0.71426565261701347       0.69987468698148037     
   10.209999999999827      -0.70723130940795964       0.70698223102064039     
   10.219999999999827      -0.70012624365733434       0.71401907742586002     
   10.229999999999826      -0.69295116586579175       0.72098452251836276     
   10.239999999999826      -0.68570679353513153       0.72787786975944402     
   10.249999999999826      -0.67839385109654982       0.73469842982012423     
   10.259999999999826      -0.67101306983819620       0.74144552065008118     
   10.269999999999825      -0.66356518783204566       0.74811846754585465     
   10.279999999999825      -0.65605094986009227       0.75471660321831591     
   10.289999999999825      -0.64847110733987123       0.76123926785939622     
   10.299999999999825      -0.64082641824931785       0.76768580920806706     
   10.309999999999825      -0.63311764705097062       0.77405558261556584     
   10.319999999999824      -0.62534556461552515       0.78034795110986011     
   10.329999999999824      -0.61751094814474827       0.78656228545934403     
   10.339999999999824      -0.60961458109375810       0.79269796423576144     
   10.349999999999824      -0.60165725309267926       0.79875437387634785     
   10.359999999999824      -0.59363975986768069       0.80473090874518627     
   10.369999999999823      -0.58556290316140347       0.81062697119377036     
   10.379999999999823      -0.57742749065278742       0.81644197162076870     
   10.389999999999823      -0.56923433587630379       0.82217532853098463     
   10.399999999999823      -0.56098425814060249       0.82782646859350484     
   10.409999999999823      -0.55267808244658190       0.83339482669903253     
   10.419999999999822      -0.54431663940488961       0.83887984601639753     
   10.429999999999822      -0.53590076515286167       0.84428097804823898     
   10.439999999999822      -0.52743130127090998       0.84959768268585478     
   10.449999999999822      -0.51890909469836466       0.85482942826321173     
   10.459999999999821      -0.51033499764878110       0.85997569161011200     
   10.469999999999821      -0.50170986752471902       0.86503595810450962     
   10.479999999999821      -0.49303456683200314       0.87000972172397195     
   10.489999999999821      -0.48430996309347318       0.87489648509628204     
   10.499999999999821      -0.47553692876223236       0.87969575954917500     
   10.509999999999820      -0.46671634113440280       0.88440706515920497     
   10.519999999999820      -0.45784908226139670       0.88902993079973713     
   10.529999999999820      -0.44893603886171185       0.89356389418805993     
   10.539999999999820      -0.43997810223226053       0.89800850193161275     
   10.549999999999820      -0.43097616815924067       0.90236330957332522     
   10.559999999999819      -0.42193113682855776       0.90662788163606234     
   10.569999999999819      -0.41284391273580728       0.91080179166617159     
   10.579999999999819      -0.40371540459582567       0.91488462227612832     
   10.589999999999819      -0.39454652525181971       0.91887596518627390     
   10.599999999999818      -0.38533819158408295       0.92277542126564360     
   10.609999999999818      -0.37609132441830845       0.92658260057187902     
   10.619999999999818      -0.36680684843350686       0.93029712239022222     
   10.629999999999818      -0.35748569206953956       0.93391861527158682     
   10.639999999999818      -0.34812878743427511       0.93744671706970273     
   10.649999999999817      -0.33873707021037952       0.94088107497733020     
   10.659999999999817      -0.32931147956174867       0.94422134556154058     
   10.669999999999817      -0.31985295803959257       0.94746719479805896     
   10.679999999999817      -0.31036245148818120       0.95061829810466669     
   10.689999999999817      -0.30084090895026083       0.95367434037365895     
   10.699999999999816      -0.29128928257215048       0.95663501600335565     
   10.709999999999816      -0.28170852750852821       0.95950002892866115     
   10.719999999999816      -0.27209960182691623       0.96226909265067040     
   10.729999999999816      -0.26246346641187512       0.96494193026531883     
   10.739999999999815      -0.25280108486891617       0.96751827449107242     
   10.749999999999815      -0.24311342342814155       0.96999786769565555     
   10.759999999999815      -0.23340145084762212       0.97238046192181404     
   10.769999999999815      -0.22366613831652252       0.97466581891211090     
   10.779999999999815      -0.21390845935798297       0.97685371013275157     
   10.789999999999814      -0.20412938973176778       0.97894391679643722     
   10.799999999999814      -0.19432990733669020       0.98093622988424345     
   10.809999999999814      -0.18451099211282337       0.98283045016652171     
   10.819999999999814      -0.17467362594350713       0.98462638822282234     
   10.829999999999814      -0.16481879255716045       0.98632386446083631     
   10.839999999999813      -0.15494747742890946       0.98792270913435443     
   10.849999999999813      -0.14506066768204079       0.98942276236024174     
   10.859999999999813      -0.13515935198928994       0.99082387413442563     
   10.869999999999813      -0.12524452047397497       0.99212590434689640     
   10.879999999999812      -0.11531716461098492       0.99332872279571782     
   10.889999999999812      -0.10537827712763315       0.99443220920004738     
   10.899999999999812       -9.5428851904385437E-002  0.99543625321216422     
   10.909999999999812       -8.5469883875472802E-002  0.99634075442850389     
   10.919999999999812       -7.5502368929398850E-002  0.99714562239969851     
   10.929999999999811       -6.5527303809351789E-002  0.99785077663962174     
   10.939999999999811       -5.5545686013530923E-002  0.99845614663343718     
   10.949999999999811       -4.5558513695397686E-002  0.99896167184464990     
   10.959999999999811       -3.5566785563861100E-002  0.99936730172116006     
   10.969999999999811       -2.5571500783407752E-002  0.99967299570031809     
   10.979999999999810       -1.5573658874186143E-002  0.99987872321298077     
   10.989999999999810       -5.5742596120555189E-003  0.99998446368656835     
   10.999999999999810        4.4256970713908786E-003  0.99999020654712145     
   11.009999999999810        1.4425211188818138E-002  0.99989595122035890     
   11.019999999999810        2.4423282797147589E-002  0.99970170713173490     
   11.029999999999809        3.4418912097550255E-002  0.99940749370549631     
   11.039999999999809        4.4411099535425935E-002  0.99901334036274070     
   11.049999999999809        5.4398845900357803E-002  0.99851928651847377     
   11.059999999999809        6.4381152426032623E-002  0.99792538157766830     
   11.069999999999808        7.4357020890116560E-002  0.99723168493032344     
   11.079999999999808        8.4325453714076556E-002  0.99643826594552576     
   11.089999999999808        9.4285454062937396E-002  0.99554520396451263     
   11.099999999999808       0.10423602594496433       0.99455258829273785     
   11.109999999999808       0.11417617431126142       0.99346051819094150     
   11.119999999999807       0.12410490515527565       0.99226910286522363     
   11.129999999999807       0.13402122561219670       0.99097846145612389     
   11.139999999999807       0.14392414405824261       0.98958872302670775     
   11.149999999999807       0.15381267020982134       0.98810002654966000     
   11.159999999999807       0.16368581522255829       0.98651252089338770     
   11.169999999999806       0.17354259179017997       0.98482636480713348     
   11.179999999999806       0.18338201424324374       0.98304172690510094     
   11.189999999999806       0.19320309864770394       0.98115878564959302     
   11.199999999999806       0.20300486290330449       0.97917772933316616     
   11.209999999999805       0.21278632684178814       0.97709875605980101     
   11.219999999999805       0.22254651232491235       0.97492207372509243     
   11.229999999999805       0.23228444334226245       0.97264789999545997     
   11.239999999999805       0.24199914610885179       0.97027646228638142     
   11.249999999999805       0.25168964916249942       0.96780799773965143     
   11.259999999999804       0.26135498346097552       0.96524275319966768     
   11.269999999999804       0.27099418247890483       0.96258098518874635     
   11.279999999999804       0.28060628230441842       0.95982295988147037     
   11.289999999999804       0.29019032173554388       0.95696895307807206     
   11.299999999999804       0.29974534237632494       0.95401925017685341     
   11.309999999999803       0.30927038873266016       0.95097414614564635     
   11.319999999999803       0.31876450830785164       0.94783394549231648     
   11.329999999999803       0.32822675169785370       0.94459896223431217     
   11.339999999999803       0.33765617268621273       0.94126951986726348     
   11.349999999999802       0.34705182833868781       0.93784595133263238     
   11.359999999999802       0.35641277909754354       0.93432859898441945     
   11.369999999999802       0.36573808887550502       0.93071781455492819     
   11.379999999999802       0.37502682514936564       0.92701395911959261     
   11.389999999999802       0.38427805905323875       0.92321740306086963     
   11.399999999999801       0.39349086547144346       0.91932852603120130     
   11.409999999999801       0.40266432313101541       0.91534771691504979     
   11.419999999999801       0.41179751469383336       0.91127537379000934     
   11.429999999999801       0.42088952684835207       0.90711190388699869     
   11.439999999999801       0.42993945040093295       0.90285772354953864     
   11.449999999999800       0.43894638036676248       0.89851325819211758     
   11.459999999999800       0.44790941606034995       0.89407894225765094     
   11.469999999999800       0.45682766118559531       0.88955521917403679     
   11.479999999999800       0.46570022392541804       0.88494254130981365     
   11.489999999999799       0.47452621703093811       0.88024136992892399     
   11.499999999999799       0.48330475791020006       0.87545217514458828     
   11.509999999999799       0.49203496871643154       0.87057543587229380     
   11.519999999999799       0.50071597643582721       0.86561163978190381     
   11.529999999999799       0.50934691297484946       0.86056128324889070     
   11.539999999999798       0.51792691524703693       0.85542487130469913     
   11.549999999999798       0.52645512525931260       0.85020291758624311     
   11.559999999999798       0.53493069019778205       0.84489594428454273     
   11.569999999999798       0.54335276251301468       0.83950448209250572     
   11.579999999999798       0.55172050000479733       0.83402907015185823     
   11.589999999999797       0.56003306590635415       0.82847025599923141     
   11.599999999999797       0.56828962896802226       0.82282859551140819     
   11.609999999999797       0.57648936354037605       0.81710465284973577     
   11.619999999999797       0.58463144965679148       0.81129900040371039     
   11.629999999999797       0.59271507311544214       0.80541221873373847     
   11.639999999999796       0.60073942556071858       0.79944489651308126     
   11.649999999999796       0.60870370456406331       0.79339763046898804     
   11.659999999999796       0.61660711370421306       0.78727102532302373     
   11.669999999999796       0.62444886264684019       0.78106569373059731     
   11.679999999999795       0.63222816722358521       0.77478225621969687     
   11.689999999999795       0.63994424951047335       0.76842134112883720     
   11.699999999999795       0.64759633790570614       0.76198358454422654     
   11.709999999999795       0.65518366720682086       0.75546963023615843     
   11.719999999999795       0.66270547868721030       0.74888012959463535     
   11.729999999999794       0.67016102017199464       0.74221574156422998     
   11.739999999999794       0.67754954611323848       0.73547713257819169     
   11.749999999999794       0.68487031766450490       0.72866497649180351     
   11.759999999999794       0.69212260275473958       0.72177995451499721     
   11.769999999999794       0.69930567616147710       0.71482275514423288     
   11.779999999999793       0.70641881958336283       0.70779407409364969     
   11.789999999999793       0.71346132171198229       0.70069461422549550     
   11.799999999999793       0.72043247830299151       0.69352508547984082     
   11.809999999999793       0.72733159224654076       0.68628620480358538     
   11.819999999999792       0.73415797363698498       0.67897869607876438     
   11.829999999999792       0.74091093984187395       0.67160329005016062     
   11.839999999999792       0.74758981557021464       0.66416072425223072     
   11.849999999999792       0.75419393294000014       0.65665174293535222     
   11.859999999999792       0.76072263154499697       0.64907709699139915     
   11.869999999999791       0.76717525852078527       0.64143754387865370     
   11.879999999999791       0.77355116861004480       0.63373384754606066     
   11.889999999999791       0.77984972422707999       0.62596677835683345     
   11.899999999999791       0.78607029552157792       0.61813711301141838     
   11.909999999999791       0.79221226044159310       0.61024563446982505     
   11.919999999999790       0.79827500479575197       0.60229313187333133     
   11.929999999999790       0.80425792231467141       0.59428040046556974     
   11.939999999999790       0.81016041471158540       0.58620824151300366     
   11.949999999999790       0.81598189174217306       0.57807746222480139     
   11.959999999999789       0.82172177126358270       0.56988887567211599     
   11.969999999999789       0.82737947929264544       0.56164330070677881     
   11.979999999999789       0.83295445006327329       0.55334156187941497     
   11.989999999999789       0.83844612608303504       0.54498448935698895     
   11.999999999999789       0.84385395818890507       0.53657291883978864     
   12.009999999999788       0.84917740560217947       0.52810769147785597     
   12.019999999999788       0.85441593598255328       0.51958965378687272     
   12.029999999999788       0.85956902548135383       0.51101965756350953     
   12.039999999999788       0.86463615879392575       0.50239855980024695     
   12.049999999999788       0.86961682921116024       0.49372722259967688     
   12.059999999999787       0.87451053867016637       0.48500651308829318     
   12.069999999999787       0.87931679780407634       0.47623730332977959     
   12.079999999999787       0.88403512599098200       0.46742047023780420     
   12.089999999999787       0.88866505140199670       0.45855689548832868     
   12.099999999999786       0.89320611104843772       0.44964746543144157     
   12.109999999999786       0.89765785082812466       0.44069307100272392     
   12.119999999999786       0.90201982557078941       0.43169460763415646     
   12.129999999999786       0.90629159908259271       0.42265297516457723     
   12.139999999999786       0.91047274418974333       0.41356907774969831     
   12.149999999999785       0.91456284278121480       0.40444382377169119     
   12.159999999999785       0.91856148585055653       0.39527812574834920     
   12.169999999999785       0.92246827353679384       0.38607290024183638     
   12.179999999999785       0.92628281516441380       0.37682906776703229     
   12.189999999999785       0.93000472928243250       0.36754755269948108     
   12.199999999999784       0.93363364370253965       0.35822928318295483     
   12.209999999999784       0.93716919553631761       0.34887519103663978     
   12.219999999999784       0.94061103123152923       0.33948621166195536     
   12.229999999999784       0.94395880660747322       0.33006328394901474     
   12.239999999999783       0.94721218688940179       0.32060735018273667     
   12.249999999999783       0.95037084674199801       0.31111935594861773     
   12.259999999999783       0.95343447030190898       0.30160025003817448     
   12.269999999999783       0.95640275120933160       0.29205098435406529     
   12.279999999999783       0.95927539263864892       0.28247251381490074     
   12.289999999999782       0.96205210732811175       0.27286579625975249     
   12.299999999999782       0.96473261760856521       0.26323179235237038     
   12.309999999999782       0.96731665543121503       0.25357146548511661     
   12.319999999999782       0.96980396239443234       0.24388578168262756     
   12.329999999999782       0.97219428976959354       0.23417570950521191     
   12.339999999999781       0.97448739852595323       0.22444221995199556     
   12.349999999999781       0.97668305935454669       0.21468628636382245     
   12.359999999999781       0.97878105269112070       0.20490888432592130     
   12.369999999999781       0.98078116873809007       0.19511099157034795     
   12.379999999999781       0.98268320748551685       0.18529358787821290     
   12.389999999999780       0.98448697873111135       0.17545765498170407     
   12.399999999999780       0.98619230209925224       0.16560417646591435     
   12.409999999999780       0.98779900705902379       0.15573413767048397     
   12.419999999999780       0.98930693294126903       0.14584852559106729     
   12.429999999999779       0.99071592895465632       0.13594832878063409     
   12.439999999999779       0.99202585420075839       0.12603453725061511     
   12.449999999999779       0.99323657768814244       0.11610814237190176     
   12.459999999999779       0.99434797834546851       0.10617013677570974     
   12.469999999999779       0.99535994503359715        9.6221514254316881E-002
   12.479999999999778       0.99627237655670287        8.6263269661684669E-002
   12.489999999999778       0.99708518167239379        7.6296398813973682E-002
   12.499999999999778       0.99779827910083563        6.6321898389962830E-002
   12.509999999999778       0.99841159753287978        5.6340765831382283E-002
   12.519999999999778       0.99892507563719413        4.6353999243170158E-002
   12.529999999999777       0.99933866206639621        3.6362597293662827E-002
   12.539999999999777       0.99965231546218769        2.6367559114728940E-002
   12.549999999999777       0.99986600445949048        1.6369884201857053E-002
   12.559999999999777       0.99997970768958289        6.3705723142069171E-003
   12.569999999999776       0.99999341378223661       -3.6293766253656014E-003
